build/app/intermediates/manifest_merge_blame_file/debug/manifest-merger-blame-debug-report.txt
1<?xml version="1.0" encoding="utf-8"?>
2<manifest xmlns:android="http://schemas.android.com/apk/res/android"
3    package="kr.storeup.user_core"
4    android:versionCode="1"
5    android:versionName="1.0.0" >
6
7    <uses-sdk
8        android:minSdkVersion="19"
9        android:targetSdkVersion="33" />
10    <!--
11         The INTERNET permission is required for development. Specifically,
12         the Flutter tool needs it to communicate with the running application
13         to allow setting breakpoints, to provide hot reload, etc.
14    -->
15    <uses-permission android:name="android.permission.INTERNET" />
15-->src/main/AndroidManifest.xml:3:5-66
15-->src/main/AndroidManifest.xml:3:22-64
16    <uses-permission android:name="android.permission.ACCESS_NETWORK_STATE" />
16-->src/main/AndroidManifest.xml:4:5-79
16-->src/main/AndroidManifest.xml:4:22-76
17
18    <queries>
18-->[:flutter_inappwebview] AndroidManifest.xml:9:5-13:15
19        <intent>
19-->[:flutter_inappwebview] AndroidManifest.xml:10:9-12:18
20            <action android:name="android.support.customtabs.action.CustomTabsService" />
20-->[:flutter_inappwebview] AndroidManifest.xml:11:13-90
20-->[:flutter_inappwebview] AndroidManifest.xml:11:21-87
21        </intent>
22    </queries>
23
24    <application
25        android:name="android.app.Application"
26        android:appComponentFactory="androidx.core.app.CoreComponentFactory"
26-->[androidx.core:core:1.8.0] AndroidManifest.xml:24:18-86
27        android:debuggable="true"
28        android:icon="@mipmap/ic_launcher"
29        android:label="user_core" >
30        <activity
31            android:name="kr.storeup.user_core.MainActivity"
32            android:configChanges="orientation|keyboardHidden|keyboard|screenSize|smallestScreenSize|locale|layoutDirection|fontScale|screenLayout|density|uiMode"
33            android:exported="true"
34            android:hardwareAccelerated="true"
35            android:launchMode="singleTop"
36            android:theme="@style/LaunchTheme"
37            android:windowSoftInputMode="adjustResize" >
38
39            <!--
40                 Specifies an Android theme to apply to this Activity as soon as
41                 the Android process has started. This theme is visible to the user
42                 while the Flutter UI initializes. After that, this theme continues
43                 to determine the Window background behind the Flutter UI.
44            -->
45            <meta-data
46                android:name="io.flutter.embedding.android.NormalTheme"
47                android:resource="@style/NormalTheme" />
48
49            <intent-filter>
50                <action android:name="android.intent.action.MAIN" />
51
52                <category android:name="android.intent.category.LAUNCHER" />
53            </intent-filter>
54        </activity>
55        <!--
56             Don't delete the meta-data below.
57             This is used by the Flutter tool to generate GeneratedPluginRegistrant.java
58        -->
59        <meta-data
60            android:name="flutterEmbedding"
61            android:value="2" />
62
63        <provider
64            android:name="com.pichillilorenzo.flutter_inappwebview.InAppWebViewFileProvider"
65            android:authorities="kr.storeup.user_core.flutter_inappwebview.fileprovider"
66            android:exported="false"
67            android:grantUriPermissions="true" >
68            <meta-data
68-->[:image_picker_android] AndroidManifest.xml:15:13-17:75
69                android:name="android.support.FILE_PROVIDER_PATHS"
69-->[:image_picker_android] AndroidManifest.xml:16:17-67
70                android:resource="@xml/provider_paths" />
70-->[:image_picker_android] AndroidManifest.xml:17:17-72
71        </provider>
72        <provider
72-->[:image_picker_android] AndroidManifest.xml:10:9-18:20
73            android:name="io.flutter.plugins.imagepicker.ImagePickerFileProvider"
73-->[:image_picker_android] AndroidManifest.xml:11:13-82
74            android:authorities="kr.storeup.user_core.flutter.image_provider"
74-->[:image_picker_android] AndroidManifest.xml:12:13-74
75            android:exported="false"
75-->[:image_picker_android] AndroidManifest.xml:13:13-37
76            android:grantUriPermissions="true" >
76-->[:image_picker_android] AndroidManifest.xml:14:13-47
77            <meta-data
77-->[:image_picker_android] AndroidManifest.xml:15:13-17:75
78                android:name="android.support.FILE_PROVIDER_PATHS"
78-->[:image_picker_android] AndroidManifest.xml:16:17-67
79                android:resource="@xml/flutter_image_picker_file_paths" />
79-->[:image_picker_android] AndroidManifest.xml:17:17-72
80        </provider>
81
82        <activity
82-->[:url_launcher_android] AndroidManifest.xml:10:9-13:74
83            android:name="io.flutter.plugins.urllauncher.WebViewActivity"
83-->[:url_launcher_android] AndroidManifest.xml:11:13-74
84            android:exported="false"
84-->[:url_launcher_android] AndroidManifest.xml:12:13-37
85            android:theme="@android:style/Theme.NoTitleBar.Fullscreen" />
85-->[:url_launcher_android] AndroidManifest.xml:13:13-71
86        <activity
86-->[:flutter_inappwebview] AndroidManifest.xml:16:9-20:47
87            android:name="com.pichillilorenzo.flutter_inappwebview.in_app_browser.InAppBrowserActivity"
87-->[:flutter_inappwebview] AndroidManifest.xml:17:13-104
88            android:configChanges="orientation|keyboardHidden|keyboard|screenSize|locale|layoutDirection|fontScale|screenLayout|density"
88-->[:flutter_inappwebview] AndroidManifest.xml:18:13-137
89            android:exported="false"
89-->[:flutter_inappwebview] AndroidManifest.xml:19:13-37
90            android:theme="@style/AppTheme" />
90-->[:flutter_inappwebview] AndroidManifest.xml:20:13-44
91        <activity
91-->[:flutter_inappwebview] AndroidManifest.xml:21:9-24:55
92            android:name="com.pichillilorenzo.flutter_inappwebview.chrome_custom_tabs.ChromeCustomTabsActivity"
92-->[:flutter_inappwebview] AndroidManifest.xml:22:13-112
93            android:exported="false"
93-->[:flutter_inappwebview] AndroidManifest.xml:23:13-37
94            android:theme="@style/ThemeTransparent" />
94-->[:flutter_inappwebview] AndroidManifest.xml:24:13-52
95        <activity
95-->[:flutter_inappwebview] AndroidManifest.xml:25:9-28:55
96            android:name="com.pichillilorenzo.flutter_inappwebview.chrome_custom_tabs.TrustedWebActivity"
96-->[:flutter_inappwebview] AndroidManifest.xml:26:13-106
97            android:exported="false"
97-->[:flutter_inappwebview] AndroidManifest.xml:27:13-37
98            android:theme="@style/ThemeTransparent" />
98-->[:flutter_inappwebview] AndroidManifest.xml:28:13-52
99        <activity
99-->[:flutter_inappwebview] AndroidManifest.xml:29:9-33:55
100            android:name="com.pichillilorenzo.flutter_inappwebview.chrome_custom_tabs.ChromeCustomTabsActivitySingleInstance"
100-->[:flutter_inappwebview] AndroidManifest.xml:30:13-126
101            android:exported="false"
101-->[:flutter_inappwebview] AndroidManifest.xml:31:13-37
102            android:launchMode="singleInstance"
102-->[:flutter_inappwebview] AndroidManifest.xml:32:13-48
103            android:theme="@style/ThemeTransparent" />
103-->[:flutter_inappwebview] AndroidManifest.xml:33:13-52
104        <activity
104-->[:flutter_inappwebview] AndroidManifest.xml:34:9-38:55
105            android:name="com.pichillilorenzo.flutter_inappwebview.chrome_custom_tabs.TrustedWebActivitySingleInstance"
105-->[:flutter_inappwebview] AndroidManifest.xml:35:13-120
106            android:exported="false"
106-->[:flutter_inappwebview] AndroidManifest.xml:36:13-37
107            android:launchMode="singleInstance"
107-->[:flutter_inappwebview] AndroidManifest.xml:37:13-48
108            android:theme="@style/ThemeTransparent" />
108-->[:flutter_inappwebview] AndroidManifest.xml:38:13-52
109
110        <receiver
110-->[:flutter_inappwebview] AndroidManifest.xml:40:9-43:40
111            android:name="com.pichillilorenzo.flutter_inappwebview.chrome_custom_tabs.ActionBroadcastReceiver"
111-->[:flutter_inappwebview] AndroidManifest.xml:41:13-111
112            android:enabled="true"
112-->[:flutter_inappwebview] AndroidManifest.xml:42:13-35
113            android:exported="false" />
113-->[:flutter_inappwebview] AndroidManifest.xml:43:13-37
114
115        <meta-data
115-->[:flutter_inappwebview] AndroidManifest.xml:45:9-47:36
116            android:name="io.flutter.embedded_views_preview"
116-->[:flutter_inappwebview] AndroidManifest.xml:46:13-61
117            android:value="true" />
117-->[:flutter_inappwebview] AndroidManifest.xml:47:13-33
118
119        <activity
119-->[com.google.firebase:firebase-auth:21.1.0] AndroidManifest.xml:27:9-44:20
120            android:name="com.google.firebase.auth.internal.GenericIdpActivity"
120-->[com.google.firebase:firebase-auth:21.1.0] AndroidManifest.xml:28:13-80
121            android:excludeFromRecents="true"
121-->[com.google.firebase:firebase-auth:21.1.0] AndroidManifest.xml:29:13-46
122            android:exported="true"
122-->[com.google.firebase:firebase-auth:21.1.0] AndroidManifest.xml:30:13-36
123            android:launchMode="singleTask"
123-->[com.google.firebase:firebase-auth:21.1.0] AndroidManifest.xml:31:13-44
124            android:theme="@android:style/Theme.Translucent.NoTitleBar" >
124-->[com.google.firebase:firebase-auth:21.1.0] AndroidManifest.xml:32:13-72
125            <intent-filter>
125-->[com.google.firebase:firebase-auth:21.1.0] AndroidManifest.xml:33:13-43:29
126                <action android:name="android.intent.action.VIEW" />
126-->[com.google.firebase:firebase-auth:21.1.0] AndroidManifest.xml:34:17-69
126-->[com.google.firebase:firebase-auth:21.1.0] AndroidManifest.xml:34:25-66
127
128                <category android:name="android.intent.category.DEFAULT" />
128-->[com.google.firebase:firebase-auth:21.1.0] AndroidManifest.xml:36:17-76
128-->[com.google.firebase:firebase-auth:21.1.0] AndroidManifest.xml:36:27-73
129                <category android:name="android.intent.category.BROWSABLE" />
129-->[com.google.firebase:firebase-auth:21.1.0] AndroidManifest.xml:37:17-78
129-->[com.google.firebase:firebase-auth:21.1.0] AndroidManifest.xml:37:27-75
130
131                <data
131-->[com.google.firebase:firebase-auth:21.1.0] AndroidManifest.xml:39:17-42:51
132                    android:host="firebase.auth"
132-->[com.google.firebase:firebase-auth:21.1.0] AndroidManifest.xml:40:21-49
133                    android:path="/"
133-->[com.google.firebase:firebase-auth:21.1.0] AndroidManifest.xml:41:21-37
134                    android:scheme="genericidp" />
134-->[com.google.firebase:firebase-auth:21.1.0] AndroidManifest.xml:42:21-48
135            </intent-filter>
136        </activity>
137        <activity
137-->[com.google.firebase:firebase-auth:21.1.0] AndroidManifest.xml:45:9-62:20
138            android:name="com.google.firebase.auth.internal.RecaptchaActivity"
138-->[com.google.firebase:firebase-auth:21.1.0] AndroidManifest.xml:46:13-79
139            android:excludeFromRecents="true"
139-->[com.google.firebase:firebase-auth:21.1.0] AndroidManifest.xml:47:13-46
140            android:exported="true"
140-->[com.google.firebase:firebase-auth:21.1.0] AndroidManifest.xml:48:13-36
141            android:launchMode="singleTask"
141-->[com.google.firebase:firebase-auth:21.1.0] AndroidManifest.xml:49:13-44
142            android:theme="@android:style/Theme.Translucent.NoTitleBar" >
142-->[com.google.firebase:firebase-auth:21.1.0] AndroidManifest.xml:50:13-72
143            <intent-filter>
143-->[com.google.firebase:firebase-auth:21.1.0] AndroidManifest.xml:51:13-61:29
144                <action android:name="android.intent.action.VIEW" />
144-->[com.google.firebase:firebase-auth:21.1.0] AndroidManifest.xml:34:17-69
144-->[com.google.firebase:firebase-auth:21.1.0] AndroidManifest.xml:34:25-66
145
146                <category android:name="android.intent.category.DEFAULT" />
146-->[com.google.firebase:firebase-auth:21.1.0] AndroidManifest.xml:36:17-76
146-->[com.google.firebase:firebase-auth:21.1.0] AndroidManifest.xml:36:27-73
147                <category android:name="android.intent.category.BROWSABLE" />
147-->[com.google.firebase:firebase-auth:21.1.0] AndroidManifest.xml:37:17-78
147-->[com.google.firebase:firebase-auth:21.1.0] AndroidManifest.xml:37:27-75
148
149                <data
149-->[com.google.firebase:firebase-auth:21.1.0] AndroidManifest.xml:39:17-42:51
150                    android:host="firebase.auth"
150-->[com.google.firebase:firebase-auth:21.1.0] AndroidManifest.xml:40:21-49
151                    android:path="/"
151-->[com.google.firebase:firebase-auth:21.1.0] AndroidManifest.xml:41:21-37
152                    android:scheme="recaptcha" />
152-->[com.google.firebase:firebase-auth:21.1.0] AndroidManifest.xml:42:21-48
153            </intent-filter>
154        </activity>
155
156        <service
156-->[com.google.firebase:firebase-auth:21.1.0] AndroidManifest.xml:64:9-70:19
157            android:name="com.google.firebase.components.ComponentDiscoveryService"
157-->[com.google.firebase:firebase-auth:21.1.0] AndroidManifest.xml:65:13-84
158            android:directBootAware="true"
158-->[com.google.firebase:firebase-common:20.2.0] AndroidManifest.xml:34:13-43
159            android:exported="false" >
159-->[com.google.firebase:firebase-auth:21.1.0] AndroidManifest.xml:66:13-37
160            <meta-data
160-->[com.google.firebase:firebase-auth:21.1.0] AndroidManifest.xml:67:13-69:85
161                android:name="com.google.firebase.components:com.google.firebase.auth.FirebaseAuthRegistrar"
161-->[com.google.firebase:firebase-auth:21.1.0] AndroidManifest.xml:68:17-109
162                android:value="com.google.firebase.components.ComponentRegistrar" />
162-->[com.google.firebase:firebase-auth:21.1.0] AndroidManifest.xml:69:17-82
163        </service>
164
165        <uses-library
165-->[androidx.window:window:1.0.0-beta04] AndroidManifest.xml:25:9-27:40
166            android:name="androidx.window.extensions"
166-->[androidx.window:window:1.0.0-beta04] AndroidManifest.xml:26:13-54
167            android:required="false" />
167-->[androidx.window:window:1.0.0-beta04] AndroidManifest.xml:27:13-37
168        <uses-library
168-->[androidx.window:window:1.0.0-beta04] AndroidManifest.xml:28:9-30:40
169            android:name="androidx.window.sidecar"
169-->[androidx.window:window:1.0.0-beta04] AndroidManifest.xml:29:13-51
170            android:required="false" />
170-->[androidx.window:window:1.0.0-beta04] AndroidManifest.xml:30:13-37
171
172        <provider
172-->[com.google.firebase:firebase-common:20.2.0] AndroidManifest.xml:25:9-30:39
173            android:name="com.google.firebase.provider.FirebaseInitProvider"
173-->[com.google.firebase:firebase-common:20.2.0] AndroidManifest.xml:26:13-77
174            android:authorities="kr.storeup.user_core.firebaseinitprovider"
174-->[com.google.firebase:firebase-common:20.2.0] AndroidManifest.xml:27:13-72
175            android:directBootAware="true"
175-->[com.google.firebase:firebase-common:20.2.0] AndroidManifest.xml:28:13-43
176            android:exported="false"
176-->[com.google.firebase:firebase-common:20.2.0] AndroidManifest.xml:29:13-37
177            android:initOrder="100" />
177-->[com.google.firebase:firebase-common:20.2.0] AndroidManifest.xml:30:13-36
178
179        <activity
179-->[com.google.android.gms:play-services-base:17.1.0] AndroidManifest.xml:23:9-26:75
180            android:name="com.google.android.gms.common.api.GoogleApiActivity"
180-->[com.google.android.gms:play-services-base:17.1.0] AndroidManifest.xml:24:13-79
181            android:exported="false"
181-->[com.google.android.gms:play-services-base:17.1.0] AndroidManifest.xml:25:13-37
182            android:theme="@android:style/Theme.Translucent.NoTitleBar" />
182-->[com.google.android.gms:play-services-base:17.1.0] AndroidManifest.xml:26:13-72
183
184        <meta-data
184-->[com.google.android.gms:play-services-basement:18.1.0] AndroidManifest.xml:21:9-23:69
185            android:name="com.google.android.gms.version"
185-->[com.google.android.gms:play-services-basement:18.1.0] AndroidManifest.xml:22:13-58
186            android:value="@integer/google_play_services_version" />
186-->[com.google.android.gms:play-services-basement:18.1.0] AndroidManifest.xml:23:13-66
187
188        <provider
188-->[androidx.emoji2:emoji2:1.2.0] AndroidManifest.xml:24:9-32:20
189            android:name="androidx.startup.InitializationProvider"
189-->[androidx.emoji2:emoji2:1.2.0] AndroidManifest.xml:25:13-67
190            android:authorities="kr.storeup.user_core.androidx-startup"
190-->[androidx.emoji2:emoji2:1.2.0] AndroidManifest.xml:26:13-68
191            android:exported="false" >
191-->[androidx.emoji2:emoji2:1.2.0] AndroidManifest.xml:27:13-37
192            <meta-data
192-->[androidx.emoji2:emoji2:1.2.0] AndroidManifest.xml:29:13-31:52
193                android:name="androidx.emoji2.text.EmojiCompatInitializer"
193-->[androidx.emoji2:emoji2:1.2.0] AndroidManifest.xml:30:17-75
194                android:value="androidx.startup" />
194-->[androidx.emoji2:emoji2:1.2.0] AndroidManifest.xml:31:17-49
195            <meta-data
195-->[androidx.lifecycle:lifecycle-process:2.4.1] AndroidManifest.xml:31:13-33:52
196                android:name="androidx.lifecycle.ProcessLifecycleInitializer"
196-->[androidx.lifecycle:lifecycle-process:2.4.1] AndroidManifest.xml:32:17-78
197                android:value="androidx.startup" />
197-->[androidx.lifecycle:lifecycle-process:2.4.1] AndroidManifest.xml:33:17-49
198        </provider>
199    </application>
200
201</manifest>